2026-05-31T10:16:17Z INF Thank you for trying Cloudflare Tunnel. Doing so, without a Cloudflare account, is a quick way to experiment and try it out. However, be aware that these account-less Tunnels have no uptime guarantee, are subject to the Cloudflare Online Services Terms of Use (https://www.cloudflare.com/website-terms/), and Cloudflare reserves the right to investigate your use of Tunnels for violations of such terms. If you intend to use Tunnels in production you should use a pre-created named tunnel by following: https://developers.cloudflare.com/cloudflare-one/connections/connect-apps
2026-05-31T10:16:17Z INF Requesting new quick Tunnel on trycloudflare.com...
2026-05-31T10:16:21Z INF +--------------------------------------------------------------------------------------------+
2026-05-31T10:16:21Z INF |  Your quick Tunnel has been created! Visit it at (it may take some time to be reachable):  |
2026-05-31T10:16:21Z INF |  https://driven-cool-remaining-structural.trycloudflare.com                                |
2026-05-31T10:16:21Z INF +--------------------------------------------------------------------------------------------+
2026-05-31T10:16:21Z INF Cannot determine default configuration path. No file [config.yml config.yaml] in [~/.cloudflared ~/.cloudflare-warp ~/cloudflare-warp]
2026-05-31T10:16:21Z INF Version 2026.5.2 (Checksum 20b9638f685333d623798e733effbad2487093f15ba592f6c7752360ff3b7ab7)
2026-05-31T10:16:21Z INF GOOS: windows, GOVersion: go1.26.3, GoArch: amd64
2026-05-31T10:16:21Z INF Settings: map[ha-connections:1 protocol:quic url:http://localhost:3006]
2026-05-31T10:16:21Z INF cloudflared will not automatically update on Windows systems.
2026-05-31T10:16:21Z INF Generated Connector ID: cf5afdcc-764b-477f-a8bf-cac7ced500c3
2026-05-31T10:16:21Z INF Initial protocol quic
2026-05-31T10:16:21Z INF ICMP proxy will use 192.168.0.148 as source for IPv4
2026-05-31T10:16:21Z INF ICMP proxy will use fe80::800d:1c5f:b5ba:cbbb in zone Wi-Fi as source for IPv6
2026-05-31T10:16:21Z INF cloudflared does not support loading the system root certificate pool on Windows. Please use --origin-ca-pool <PATH> to specify the path to the certificate pool
2026-05-31T10:16:21Z INF Tunnel connection curve preferences: [X25519MLKEM768 CurveID(65074) CurveP256] connIndex=0 event=0 ip=198.41.200.193
2026-05-31T10:16:21Z INF ICMP proxy will use 192.168.0.148 as source for IPv4
2026-05-31T10:16:21Z INF ICMP proxy will use fe80::800d:1c5f:b5ba:cbbb in zone Wi-Fi as source for IPv6
2026-05-31T10:16:21Z INF Starting metrics server on 127.0.0.1:20242/metrics
2026-05-31T10:16:22Z INF +-------------------------------------------------------------------------------------+
2026-05-31T10:16:22Z INF |                               CONNECTIVITY PRE-CHECKS                               |
2026-05-31T10:16:22Z INF +-------------------------------------------------------------------------------------+
2026-05-31T10:16:22Z INF |  COMPONENT         TARGET                     STATUS  DETAILS                       |
2026-05-31T10:16:22Z INF |  DNS Resolution    region1.v2.argotunnel.com  PASS    DNS Resolved successfully     |
2026-05-31T10:16:22Z INF |  DNS Resolution    region2.v2.argotunnel.com  PASS    DNS Resolved successfully     |
2026-05-31T10:16:22Z INF |  UDP Connectivity  region1.v2.argotunnel.com  PASS    QUIC connection successful    |
2026-05-31T10:16:22Z INF |  UDP Connectivity  region2.v2.argotunnel.com  PASS    QUIC connection successful    |
2026-05-31T10:16:22Z INF |  TCP Connectivity  region1.v2.argotunnel.com  PASS    HTTP/2 connection successful  |
2026-05-31T10:16:22Z INF |  TCP Connectivity  region2.v2.argotunnel.com  PASS    HTTP/2 connection successful  |
2026-05-31T10:16:22Z INF |  Cloudflare API    api.cloudflare.com:443     PASS    API is reachable              |
2026-05-31T10:16:22Z INF |                                                                                     |
2026-05-31T10:16:22Z INF |  SUMMARY: Environment is healthy. cloudflared will use 'quic' as primary protocol.  |
2026-05-31T10:16:22Z INF +-------------------------------------------------------------------------------------+
2026-05-31T10:16:22Z INF precheck component="DNS Resolution" details="DNS Resolved successfully" run_id=9128aea7-38da-49d4-84b7-f77aeea32987 status=pass target=region1.v2.argotunnel.com
2026-05-31T10:16:22Z INF precheck component="DNS Resolution" details="DNS Resolved successfully" run_id=9128aea7-38da-49d4-84b7-f77aeea32987 status=pass target=region2.v2.argotunnel.com
2026-05-31T10:16:22Z INF precheck component="UDP Connectivity" details="QUIC connection successful" run_id=9128aea7-38da-49d4-84b7-f77aeea32987 status=pass target=region1.v2.argotunnel.com
2026-05-31T10:16:22Z INF precheck component="UDP Connectivity" details="QUIC connection successful" run_id=9128aea7-38da-49d4-84b7-f77aeea32987 status=pass target=region2.v2.argotunnel.com
2026-05-31T10:16:22Z INF precheck component="TCP Connectivity" details="HTTP/2 connection successful" run_id=9128aea7-38da-49d4-84b7-f77aeea32987 status=pass target=region1.v2.argotunnel.com
2026-05-31T10:16:22Z INF precheck component="TCP Connectivity" details="HTTP/2 connection successful" run_id=9128aea7-38da-49d4-84b7-f77aeea32987 status=pass target=region2.v2.argotunnel.com
2026-05-31T10:16:22Z INF precheck component="Cloudflare API" details="API is reachable" run_id=9128aea7-38da-49d4-84b7-f77aeea32987 status=pass target=api.cloudflare.com:443
2026-05-31T10:16:22Z INF precheck complete hard_fail=false run_id=9128aea7-38da-49d4-84b7-f77aeea32987 suggested_protocol=quic
2026-05-31T10:16:22Z INF Registered tunnel connection connIndex=0 connection=1a0b083a-5f23-4bbf-bb15-e0e19d0d8890 event=0 ip=198.41.200.193 location=bom08 protocol=quic
2026-05-31T10:19:45Z ERR  error="Incoming request ended abruptly: context canceled" connIndex=0 event=1 ingressRule=0 originService=http://localhost:3006
2026-05-31T10:19:45Z ERR Request failed error="Incoming request ended abruptly: context canceled" connIndex=0 dest=https://driven-cool-remaining-structural.trycloudflare.com/call/6mH7jbMwnqTFkotrCiwUB?_rsc=13sw4 event=0 ip=198.41.200.193 type=http
2026-05-31T10:20:54Z ERR  error="stream 353 canceled by remote with error code 0" connIndex=0 event=1 ingressRule=0 originService=http://localhost:3006
2026-05-31T10:20:54Z ERR Request failed error="stream 353 canceled by remote with error code 0" connIndex=0 dest=https://driven-cool-remaining-structural.trycloudflare.com/_next/static/chunks/app/dashboard/page.js event=0 ip=198.41.200.193 type=http
