
> lumina-ai@0.1.0 dev:inngest
> npx inngest-cli@latest dev

{"time":"2026-05-30T07:19:18.029485Z","level":"INFO","msg":"initialized database","db":"sqlite","mode":"memory"}
{"time":"2026-05-30T07:19:18.034415Z","level":"INFO","msg":"ran database migrations","db":"sqlite","mode":"memory"}
{"time":"2026-05-30T07:19:18.038757Z","level":"INFO","msg":"starting executor grpc server","svc":"executor","addr":":50053"}
{"time":"2026-05-30T07:19:18.040025Z","level":"INFO","msg":"service starting","caller":"executor","service":"executor"}
{"time":"2026-05-30T07:19:18.040036Z","level":"INFO","msg":"service starting","caller":"devserver","service":"devserver"}
{"time":"2026-05-30T07:19:18.040043Z","level":"INFO","msg":"starting event stream","backend":"redis"}
{"time":"2026-05-30T07:19:18.040044Z","level":"INFO","msg":"autodiscovering locally hosted SDKs"}
{"time":"2026-05-30T07:19:18.040051Z","level":"INFO","msg":"subscribing to function queue"}
{"time":"2026-05-30T07:19:18.040156Z","level":"INFO","msg":"Executor started in assignedQueueShard Mode","queue_shard":"default"}
{"time":"2026-05-30T07:19:18.040186Z","level":"INFO","msg":"service starting","caller":"connect-gateway","service":"connect-gateway"}
{"time":"2026-05-30T07:19:18.040073Z","level":"INFO","msg":"service starting","caller":"api","service":"api"}
{"time":"2026-05-30T07:19:18.040282Z","level":"INFO","msg":"starting server","caller":"api","addr":"0.0.0.0:8288"}
{"time":"2026-05-30T07:19:18.04009Z","level":"INFO","msg":"service starting","caller":"lease-scavenger","service":"lease-scavenger"}
{"time":"2026-05-30T07:19:18.040114Z","level":"INFO","msg":"service starting","caller":"runner","service":"runner"}
{"time":"2026-05-30T07:19:18.040261Z","level":"INFO","msg":"starting connect gateway grpc server","caller":"connect-gateway","addr":":50052"}
{"time":"2026-05-30T07:19:18.042593Z","level":"INFO","msg":"subscribing to events","topic":"events"}
{"time":"2026-05-30T07:19:35.014206Z","level":"INFO","msg":"apps synced, disabling auto-discovery"}
{"time":"2026-05-30T07:50:48.224655Z","level":"INFO","msg":"publishing event","caller":"api","event_name":"meetings/processing","internal_id":"01KSVXTF4RZD7MPWJR2FR6JA84","external_id":"01KSVXTF4RZD7MPWJR2FR6JA84","event":{"id":"01KSVXTF4RZD7MPWJR2FR6JA84","name":"meetings/processing","data":{"meeting_id":"_D-HA2s1oBcDL9VDy-bQd","transcript_url":"https://ohio.stream-io-cdn.com/1614678/video/transcriptions/default__D-HA2s1oBcDL9VDy-bQd/transcript_default__D-HA2s1oBcDL9VDy-bQd_1780127343925.jsonl?Expires=1781337048&Signature=kQdsEcxbUjo714i~N0YwhA7yKf5Hg78O~lFGRt5sg6wKslXVy~jfEAzO95JM~ZtldNZLkmV6myq~9-EULacC1dKLiLZMi5ynHpRP~SQfbQ6y6NYqCildKvinMYW26TJ2L7U1urTf2RqLvOb9Bq7uujhLrfF-hx1yIJVAnDpIfw~oDYCQWjwzQ1f9CY6is5nas5vbm75tPcewx1n~VJjdspBInLoRCGwZ~hwBcfrRVyGiOYPlABq5JbssBcFPY-JfMmQ8MXZEhlU-kZWTH2PNkZW9AuxhzRmhwm6Q7~23Az6xDoMJCeuhpMlLM6~urZXWJyP5lyM99wDsMmdep6kmTg__&Key-Pair-Id=APKAIHG36VEWPDULE23Q"},"ts":1780127448216}}
{"time":"2026-05-30T07:50:48.326095Z","level":"INFO","msg":"received event","event":"meetings/processing","event_id":"01KSVXTF4RZD7MPWJR2FR6JA84","internal_id":"01KSVXTF4RZD7MPWJR2FR6JA84"}
{"time":"2026-05-30T07:50:48.327143Z","level":"INFO","msg":"initializing fn","event":"meetings/processing","event_id":"01KSVXTF4RZD7MPWJR2FR6JA84","internal_id":"01KSVXTF4RZD7MPWJR2FR6JA84","function":"meetings/processing","function_id":"6085bf8f-9410-51b1-b577-955c84d57c9e"}
{"time":"2026-05-30T07:50:48.500122Z","level":"ERROR","msg":"error handling queue item","error":"invalid status code: 500","item_kind":"start"}
{"time":"2026-05-30T07:51:17.796079Z","level":"ERROR","msg":"error handling queue item","error":"invalid status code: 500","item_kind":"start"}
{"time":"2026-05-30T07:51:52.682241Z","level":"ERROR","msg":"error handling queue item","error":"invalid status code: 500","item_kind":"start"}
{"time":"2026-05-30T07:53:13.352283Z","level":"ERROR","msg":"error handling queue item","error":"invalid status code: 500","item_kind":"start"}
{"time":"2026-05-30T07:55:23.042632Z","level":"INFO","msg":"received event","event":"inngest/function.failed","event_id":"01KSVXTF87RNXZ9EAE9N0R01Y8","internal_id":"01KSVY2VBTTY43SRX2MP15XK48"}
{"time":"2026-05-30T07:55:23.042643Z","level":"INFO","msg":"received event","event":"inngest/function.finished","event_id":"01KSVY2VBTVCXWEHXDMP0BMAMA","internal_id":"01KSVY2VBT0VNDDXPGHQTSDQEQ"}
{"time":"2026-05-30T07:58:36.19773Z","level":"INFO","msg":"publishing event","caller":"api","event_name":"agent/prompt.poll","internal_id":"01KSVY8R2V9SXMJYA2G0DBN72Z","external_id":"01KSVY8R2V9SXMJYA2G0DBN72Z","event":{"id":"01KSVY8R2V9SXMJYA2G0DBN72Z","name":"agent/prompt.poll","data":{"agentId":"XqXbCJIwfnRS2b_fLG-AZ","meetingId":"bsvagruC5pVtiQmw7uZY2"},"ts":1780127916123}}
{"time":"2026-05-30T07:58:36.216972Z","level":"INFO","msg":"received event","event":"agent/prompt.poll","event_id":"01KSVY8R2V9SXMJYA2G0DBN72Z","internal_id":"01KSVY8R2V9SXMJYA2G0DBN72Z"}
{"time":"2026-05-30T07:58:36.217677Z","level":"INFO","msg":"initializing fn","event":"agent/prompt.poll","event_id":"01KSVY8R2V9SXMJYA2G0DBN72Z","internal_id":"01KSVY8R2V9SXMJYA2G0DBN72Z","function":"poll-agent-prompt","function_id":"05685409-37b1-584c-9ee3-de868e10f6ec"}
{"time":"2026-05-30T07:58:36.949574Z","level":"INFO","msg":"publishing event","caller":"api","event_name":"agent/prompt.poll","internal_id":"01KSVY8RV0XV1G64KDHGZV4SAB","external_id":"01KSVY8RV0XV1G64KDHGZV4SAB","event":{"id":"01KSVY8RV0XV1G64KDHGZV4SAB","name":"agent/prompt.poll","data":{"agentId":"XqXbCJIwfnRS2b_fLG-AZ","meetingId":"bsvagruC5pVtiQmw7uZY2"},"ts":1780127916896}}
{"time":"2026-05-30T07:58:36.968964Z","level":"INFO","msg":"received event","event":"agent/prompt.poll","event_id":"01KSVY8RV0XV1G64KDHGZV4SAB","internal_id":"01KSVY8RV0XV1G64KDHGZV4SAB"}
{"time":"2026-05-30T07:58:36.969394Z","level":"INFO","msg":"initializing fn","event":"agent/prompt.poll","event_id":"01KSVY8RV0XV1G64KDHGZV4SAB","internal_id":"01KSVY8RV0XV1G64KDHGZV4SAB","function":"poll-agent-prompt","function_id":"05685409-37b1-584c-9ee3-de868e10f6ec"}
{"time":"2026-05-30T07:58:39.47491Z","level":"INFO","msg":"received event","event":"inngest/function.finished","event_id":"01KSVY8VB17YRDD1FG1WAF3QCF","internal_id":"01KSVY8VB1T0836S2T4SGWJ8HW"}
{"time":"2026-05-30T07:58:39.824787Z","level":"INFO","msg":"publishing event","caller":"api","event_name":"agent/prompt.poll","internal_id":"01KSVY8VPE8S37VH7HANMGDXBG","external_id":"01KSVY8VPE8S37VH7HANMGDXBG","event":{"id":"01KSVY8VPE8S37VH7HANMGDXBG","name":"agent/prompt.poll","data":{"agentId":"XqXbCJIwfnRS2b_fLG-AZ","meetingId":"bsvagruC5pVtiQmw7uZY2"},"ts":1780127919822}}
{"time":"2026-05-30T07:58:39.976423Z","level":"INFO","msg":"received event","event":"agent/prompt.poll","event_id":"01KSVY8VPE8S37VH7HANMGDXBG","internal_id":"01KSVY8VPE8S37VH7HANMGDXBG"}
{"time":"2026-05-30T07:58:39.97688Z","level":"INFO","msg":"initializing fn","event":"agent/prompt.poll","event_id":"01KSVY8VPE8S37VH7HANMGDXBG","internal_id":"01KSVY8VPE8S37VH7HANMGDXBG","function":"poll-agent-prompt","function_id":"05685409-37b1-584c-9ee3-de868e10f6ec"}
{"time":"2026-05-30T07:58:40.22655Z","level":"INFO","msg":"received event","event":"inngest/function.finished","event_id":"01KSVY8VZ316JK3V8P8QG96TAR","internal_id":"01KSVY8VZ3V33CK3NGYFRACTNH"}
{"time":"2026-05-30T07:58:53.91111Z","level":"INFO","msg":"publishing event","caller":"api","event_name":"meetings/processing","internal_id":"01KSVY99EMSKEQDYAKKYEYMMAY","external_id":"01KSVY99EMSKEQDYAKKYEYMMAY","event":{"id":"01KSVY99EMSKEQDYAKKYEYMMAY","name":"meetings/processing","data":{"meeting_id":"bsvagruC5pVtiQmw7uZY2","transcript_url":"https://ohio.stream-io-cdn.com/1614678/video/transcriptions/default_bsvagruC5pVtiQmw7uZY2/transcript_default_bsvagruC5pVtiQmw7uZY2_1780127915040.jsonl?Expires=1781337531&Signature=bw72Bla8FonMgzDFArJiCZOnWP4WWGp~PYW0U6im7vOgwJZAboSMod5xwHrA7Z7jRDHs~z5~ImUudLYW7hDpS2O~vHgFg~bjqzRlho0fhb9-Icr0NDsRd-I1Y7aNAVLbLlod5SpqUl-bG20QcDS2e0uLlRg03Ql-KpuklX2K2AOtkGxB5suadjrf~AgPK9389u32jW2etr8w8u~HovAlo4nxJLr8-U-FzIgKnnJ4HHhCAR-ho0L5P3utAiwj9bhcFR5iYE496oUN6icBBOj20O8uuVjszpyzMluXUKYiGQNxkZPqRRiON8CMvPv9ql~cHB~mr7luq~x2I5u-2OGrVQ__&Key-Pair-Id=APKAIHG36VEWPDULE23Q"},"ts":1780127933908}}
{"time":"2026-05-30T07:58:54.023868Z","level":"INFO","msg":"received event","event":"meetings/processing","event_id":"01KSVY99EMSKEQDYAKKYEYMMAY","internal_id":"01KSVY99EMSKEQDYAKKYEYMMAY"}
{"time":"2026-05-30T07:58:54.024659Z","level":"INFO","msg":"initializing fn","event":"meetings/processing","event_id":"01KSVY99EMSKEQDYAKKYEYMMAY","internal_id":"01KSVY99EMSKEQDYAKKYEYMMAY","function":"meetings/processing","function_id":"6085bf8f-9410-51b1-b577-955c84d57c9e"}
{"time":"2026-05-30T07:58:54.220228Z","level":"ERROR","msg":"error handling queue item","error":"invalid status code: 500","item_kind":"start"}
{"time":"2026-05-30T07:59:30.632627Z","level":"ERROR","msg":"error handling queue item","error":"invalid status code: 500","item_kind":"start"}
{"time":"2026-05-30T07:59:44.677309Z","level":"INFO","msg":"publishing event","caller":"api","event_name":"agent/prompt.poll","internal_id":"01KSVYAV14KHS0WN7R8JN87WWJ","external_id":"01KSVYAV14KHS0WN7R8JN87WWJ","event":{"id":"01KSVYAV14KHS0WN7R8JN87WWJ","name":"agent/prompt.poll","data":{"agentId":"XqXbCJIwfnRS2b_fLG-AZ","meetingId":"PNyUlgYvfMFu7Rg3MhAAY"},"ts":1780127984676}}
{"time":"2026-05-30T07:59:44.679526Z","level":"INFO","msg":"received event","event":"agent/prompt.poll","event_id":"01KSVYAV14KHS0WN7R8JN87WWJ","internal_id":"01KSVYAV14KHS0WN7R8JN87WWJ"}
{"time":"2026-05-30T07:59:44.680176Z","level":"INFO","msg":"initializing fn","event":"agent/prompt.poll","event_id":"01KSVYAV14KHS0WN7R8JN87WWJ","internal_id":"01KSVYAV14KHS0WN7R8JN87WWJ","function":"poll-agent-prompt","function_id":"05685409-37b1-584c-9ee3-de868e10f6ec"}
{"time":"2026-05-30T07:59:44.946499Z","level":"INFO","msg":"publishing event","caller":"api","event_name":"agent/prompt.poll","internal_id":"01KSVYAV9H3BWQATNTR585T51G","external_id":"01KSVYAV9H3BWQATNTR585T51G","event":{"id":"01KSVYAV9H3BWQATNTR585T51G","name":"agent/prompt.poll","data":{"agentId":"XqXbCJIwfnRS2b_fLG-AZ","meetingId":"PNyUlgYvfMFu7Rg3MhAAY"},"ts":1780127984945}}
{"time":"2026-05-30T07:59:45.181047Z","level":"INFO","msg":"received event","event":"agent/prompt.poll","event_id":"01KSVYAV9H3BWQATNTR585T51G","internal_id":"01KSVYAV9H3BWQATNTR585T51G"}
{"time":"2026-05-30T07:59:45.181347Z","level":"INFO","msg":"initializing fn","event":"agent/prompt.poll","event_id":"01KSVYAV9H3BWQATNTR585T51G","internal_id":"01KSVYAV9H3BWQATNTR585T51G","function":"poll-agent-prompt","function_id":"05685409-37b1-584c-9ee3-de868e10f6ec"}
{"time":"2026-05-30T07:59:45.401843Z","level":"INFO","msg":"publishing event","caller":"api","event_name":"agent/prompt.poll","internal_id":"01KSVYAVQRVVW40E8PN4D513PS","external_id":"01KSVYAVQRVVW40E8PN4D513PS","event":{"id":"01KSVYAVQRVVW40E8PN4D513PS","name":"agent/prompt.poll","data":{"agentId":"XqXbCJIwfnRS2b_fLG-AZ","meetingId":"PNyUlgYvfMFu7Rg3MhAAY"},"ts":1780127985400}}
{"time":"2026-05-30T07:59:45.431923Z","level":"INFO","msg":"received event","event":"inngest/function.finished","event_id":"01KSVYAVNYDNX9532732QYASRC","internal_id":"01KSVYAVNY95X7DW4XGTNTBF3Y"}
{"time":"2026-05-30T07:59:45.431965Z","level":"INFO","msg":"received event","event":"agent/prompt.poll","event_id":"01KSVYAVQRVVW40E8PN4D513PS","internal_id":"01KSVYAVQRVVW40E8PN4D513PS"}
{"time":"2026-05-30T07:59:45.432325Z","level":"INFO","msg":"initializing fn","event":"agent/prompt.poll","event_id":"01KSVYAVQRVVW40E8PN4D513PS","internal_id":"01KSVYAVQRVVW40E8PN4D513PS","function":"poll-agent-prompt","function_id":"05685409-37b1-584c-9ee3-de868e10f6ec"}
{"time":"2026-05-30T07:59:45.683057Z","level":"INFO","msg":"received event","event":"inngest/function.finished","event_id":"01KSVYAVTM4PBS74SX3GJW0TV8","internal_id":"01KSVYAVTMMG94DRVFTEHY0BCJ"}
{"time":"2026-05-30T07:59:53.799666Z","level":"INFO","msg":"publishing event","caller":"api","event_name":"meetings/processing","internal_id":"01KSVYB3Y5G0D3CYH4PV99NRTT","external_id":"01KSVYB3Y5G0D3CYH4PV99NRTT","event":{"id":"01KSVYB3Y5G0D3CYH4PV99NRTT","name":"meetings/processing","data":{"meeting_id":"PNyUlgYvfMFu7Rg3MhAAY","transcript_url":"https://ohio.stream-io-cdn.com/1614678/video/transcriptions/default_PNyUlgYvfMFu7Rg3MhAAY/transcript_default_PNyUlgYvfMFu7Rg3MhAAY_1780127985448.jsonl?Expires=1781337592&Signature=WHYigePAZViahF9p7LKy1tQ8qcf~a5t7~z-xsfQHBnso~VJpzwBpTJy2tAeDl6JwHh~bB0pXX54o5z80iYpmIlDn0fbrSmaA6vxhAxjaQ3mVzXySCUPjnTyLpQDww7JoY6f0Bw1YdH0tyLKVCa61DVJAlcSjr-bcxqYp-RaWYHe6P~nxQ15HTZX5VrFX~ktSPtjzYUdLbVi1YcGyxsPNBf2RyZwook7~vSb8qzI0OK3Fl~uwpi4EaTzvBvDmlrQkvqMC8rekGB-VeC49pfo1VS1yXA3BKJRZG6WowsiS7ZYr2T-Q0j1rGEn9a5Sx6nm3bz-G81QsJ8KmoKuEBwlHvQ__&Key-Pair-Id=APKAIHG36VEWPDULE23Q"},"ts":1780127993797}}
{"time":"2026-05-30T07:59:53.957228Z","level":"INFO","msg":"received event","event":"meetings/processing","event_id":"01KSVYB3Y5G0D3CYH4PV99NRTT","internal_id":"01KSVYB3Y5G0D3CYH4PV99NRTT"}
{"time":"2026-05-30T07:59:53.957516Z","level":"INFO","msg":"initializing fn","event":"meetings/processing","event_id":"01KSVYB3Y5G0D3CYH4PV99NRTT","internal_id":"01KSVYB3Y5G0D3CYH4PV99NRTT","function":"meetings/processing","function_id":"6085bf8f-9410-51b1-b577-955c84d57c9e"}
{"time":"2026-05-30T07:59:54.045209Z","level":"ERROR","msg":"error handling queue item","error":"invalid status code: 500","item_kind":"start"}
{"time":"2026-05-30T08:00:17.883933Z","level":"ERROR","msg":"error handling queue item","error":"invalid status code: 500","item_kind":"start"}
{"time":"2026-05-30T08:00:18.532817Z","level":"INFO","msg":"received event","event":"inngest/function.finished","event_id":"01KSVYBW24CY7QYCP4X6RMB9E9","internal_id":"01KSVYBW243SD63SK7QJPR5BFB"}
{"time":"2026-05-30T08:00:18.612288Z","level":"ERROR","msg":"error handling queue item","error":"invalid status code: 500","item_kind":"start"}
{"time":"2026-05-30T08:00:50.915266Z","level":"ERROR","msg":"error handling queue item","error":"invalid status code: 500","item_kind":"start"}
{"time":"2026-05-30T08:01:25.011813Z","level":"INFO","msg":"received event","event":"inngest/function.finished","event_id":"01KSVYDWZ2DMKEPPZQRYHZWQQ6","internal_id":"01KSVYDWZ2AMW7H7RQMJVQ6R60"}
{"time":"2026-05-30T08:01:40.929268Z","level":"ERROR","msg":"error handling queue item","error":"invalid status code: 500","item_kind":"start"}
{"time":"2026-05-30T08:01:51.614755Z","level":"ERROR","msg":"error handling queue item","error":"invalid status code: 500","item_kind":"start"}
{"time":"2026-05-30T08:03:45.247779Z","level":"INFO","msg":"received event","event":"inngest/function.failed","event_id":"01KSVY99J87752XVCPPD7QE4A4","internal_id":"01KSVYJ5S1735T4QE3J1X5ZB6R"}
{"time":"2026-05-30T08:03:45.247792Z","level":"INFO","msg":"received event","event":"inngest/function.finished","event_id":"01KSVYJ5S1B7K7X5AQWJ2R8HWG","internal_id":"01KSVYJ5S12PVF8GE1N31VRTCY"}
{"time":"2026-05-30T08:04:08.572385Z","level":"INFO","msg":"received event","event":"inngest/function.finished","event_id":"01KSVYJWG1W1WFXGD2AFFBT4EZ","internal_id":"01KSVYJWG1B2HWQT8EA3NVB4Y6"}
{"time":"2026-05-30T08:04:08.572386Z","level":"INFO","msg":"received event","event":"inngest/function.failed","event_id":"01KSVYB4359YE2CQSAFX9SWNWV","internal_id":"01KSVYJWG1SWC5QN825706ET4A"}
{"time":"2026-05-30T08:26:46.011756Z","level":"INFO","msg":"publishing event","caller":"api","event_name":"meetings/processing","internal_id":"01KSVZWABJJ6PY3PFCVNBB20M5","external_id":"01KSVZWABJJ6PY3PFCVNBB20M5","event":{"id":"01KSVZWABJJ6PY3PFCVNBB20M5","name":"meetings/processing","data":{"meeting_id":"CL6D2Sq0fubc33ksfXCrt","transcript_url":"https://ohio.stream-io-cdn.com/1614678/video/transcriptions/default_CL6D2Sq0fubc33ksfXCrt/transcript_default_CL6D2Sq0fubc33ksfXCrt_1780129368877.jsonl?Expires=1781339205&Signature=SPBEMWIVur67hIDePJU6jWFz~dpi-D6R-iTVADe~moUPYc8~V05GY5pjtJkyEDOutIS~aTztijo-TRoUBFfVeDJz8am34pkV9wrQAaUGnrtp6ZshWVG9-fCjn48m2G4t0zPsdKnzvg-2rP7fb9UCFPIbpQoLNBKEOVwKof8dMF09-UJ4xzQhO4dgz8Ld0FD3aWi9f9r2hEhEK8m8RbE639Tmn7KjooSQx~QHnRqBYiF-68n5ImcXDE7G4o-mwO5iPN4Hrnsx7Gjvobzw56Trbf96tZ~McEkatZgQme9akEZVnp0xGUEiFdnzpc3lL1CNab9fP7sL-zdkr~wW-rRUDA__&Key-Pair-Id=APKAIHG36VEWPDULE23Q"},"ts":1780129606002}}
{"time":"2026-05-30T08:26:46.261941Z","level":"INFO","msg":"received event","event":"meetings/processing","event_id":"01KSVZWABJJ6PY3PFCVNBB20M5","internal_id":"01KSVZWABJJ6PY3PFCVNBB20M5"}
{"time":"2026-05-30T08:26:46.263714Z","level":"INFO","msg":"initializing fn","event":"meetings/processing","event_id":"01KSVZWABJJ6PY3PFCVNBB20M5","internal_id":"01KSVZWABJJ6PY3PFCVNBB20M5","function":"meetings/processing","function_id":"6085bf8f-9410-51b1-b577-955c84d57c9e"}
{"time":"2026-05-30T08:26:46.445896Z","level":"ERROR","msg":"error handling queue item","error":"invalid status code: 500","item_kind":"start"}
{"time":"2026-05-30T08:27:04.561957Z","level":"ERROR","msg":"error handling queue item","error":"invalid status code: 500","item_kind":"start"}
{"time":"2026-05-30T08:27:52.761802Z","level":"ERROR","msg":"error handling queue item","error":"invalid status code: 500","item_kind":"start"}
{"time":"2026-05-30T08:28:59.802613Z","level":"ERROR","msg":"error handling queue item","error":"invalid status code: 500","item_kind":"start"}
{"time":"2026-05-30T08:31:14.167765Z","level":"INFO","msg":"received event","event":"inngest/function.finished","event_id":"01KSW04G5176GJGMG2Z2XRWSMD","internal_id":"01KSW04G52N5QYFP198Z09X5HP"}
{"time":"2026-05-30T08:31:14.167795Z","level":"INFO","msg":"received event","event":"inngest/function.failed","event_id":"01KSVZWAKRM1GZDW5H2F137CPV","internal_id":"01KSW04G52JAV6RPGH6BXJQYG1"}
{"time":"2026-05-30T08:46:49.69469Z","level":"INFO","msg":"publishing event","caller":"api","event_name":"meetings/processing","internal_id":"01KSW111TN3Y866WHP445YZ6J9","external_id":"01KSW111TN3Y866WHP445YZ6J9","event":{"id":"01KSW111TN3Y866WHP445YZ6J9","name":"meetings/processing","data":{"meeting_id":"2SUfjDNUcCeD9-fiE27NX","transcript_url":"https://ohio.stream-io-cdn.com/1614678/video/transcriptions/default_2SUfjDNUcCeD9-fiE27NX/transcript_default_2SUfjDNUcCeD9-fiE27NX_1780130624389.jsonl?Expires=1781340408&Signature=AfEbNGINSd2cLah1tJ-e4bCAkFtas7jWlYwc5~46KYk8omxMDW0jkXP69~zyN5KCtv4JsxH8e2OPNB-BBqx~dm1TGHB1iJeBKRP-8eJynmmJ-9yzbhZxzlT8QrCt8~2nWkbU6ENrkJulE4BRtUOil7HkWdmqN3au1JF885P5vLMYYnuAmKxe9qYZwV7uDcIBogu5wwJf5fn6cAo1B0lGMLuoLiHrbTdHpIkbaAngakl7asOsRh8xhQbTC6lHPBS8JS-MC8NrXCOOBlx0B~cpkgqDTmiwXNFqwuBC6nGLLu8SF7ygVCSx8XSb-CDRNJxdVi3o8i-bOUlWhZUOaWKuWQ__&Key-Pair-Id=APKAIHG36VEWPDULE23Q"},"ts":1780130809685}}
{"time":"2026-05-30T08:46:49.946093Z","level":"INFO","msg":"received event","event":"meetings/processing","event_id":"01KSW111TN3Y866WHP445YZ6J9","internal_id":"01KSW111TN3Y866WHP445YZ6J9"}
{"time":"2026-05-30T08:46:49.947827Z","level":"INFO","msg":"initializing fn","event":"meetings/processing","event_id":"01KSW111TN3Y866WHP445YZ6J9","internal_id":"01KSW111TN3Y866WHP445YZ6J9","function":"meetings/processing","function_id":"6085bf8f-9410-51b1-b577-955c84d57c9e"}
{"time":"2026-05-30T08:46:50.077586Z","level":"ERROR","msg":"error handling queue item","error":"invalid status code: 500","item_kind":"start"}
{"time":"2026-05-30T08:47:22.164097Z","level":"ERROR","msg":"error handling queue item","error":"invalid status code: 500","item_kind":"start"}
{"time":"2026-05-30T08:47:53.509235Z","level":"ERROR","msg":"error handling queue item","error":"invalid status code: 500","item_kind":"start"}
{"time":"2026-05-30T08:48:58.398868Z","level":"ERROR","msg":"error handling queue item","error":"invalid status code: 500","item_kind":"start"}
{"time":"2026-05-30T08:51:19.617937Z","level":"INFO","msg":"received event","event":"inngest/function.finished","event_id":"01KSW199D4WE04338ER83E4C44","internal_id":"01KSW199D4MKDH0RZ3B0XJHG66"}
{"time":"2026-05-30T08:51:19.617945Z","level":"INFO","msg":"received event","event":"inngest/function.failed","event_id":"01KSW1122WMEJ9DPHPGVZQ4XPM","internal_id":"01KSW199D40WYV9J5SFQN5A2FM"}
{"time":"2026-05-30T09:06:35.315123Z","level":"INFO","msg":"publishing event","caller":"api","event_name":"meetings/processing","internal_id":"01KSW257NFPT9ADTM304Y5D4XP","external_id":"01KSW257NFPT9ADTM304Y5D4XP","event":{"id":"01KSW257NFPT9ADTM304Y5D4XP","name":"meetings/processing","data":{"meeting_id":"1ni1KejuspFmi6zXOKbrW","transcript_url":"https://ohio.stream-io-cdn.com/1614678/video/transcriptions/default_1ni1KejuspFmi6zXOKbrW/transcript_default_1ni1KejuspFmi6zXOKbrW_1780131957178.jsonl?Expires=1781341594&Signature=FVrlQMRXuCcJ-iv6YW5abdP4DfCCtTMGgEEJJnxRCp2LXAGjxyM5xQ5FAB38HG1N5a3j9FGyMqVAij-pyYzLH9FKZvYgiLLJGWZC2f3~YGFfyb0CLXg~2JiS60-pvv78xgffq8c4zLiNQdlzc0IVJ9dnssnS43mPyPC816Vh-AeqyW1AmgVnzorBcEf-T5zNFCrR0Pea9Qqe8wr3oGZnOeo0JXaJDPLZkJKJ4wt-m~sP7G7EQPCb-qSwYbRs9f-q2soz3frMEBgXR2ifZ8o4MaeNbZsdgLba2poX91a0e~jvc~dGcaoRlN9xqaFISzGyDP8dUdrSINClEy3uz6vc9w__&Key-Pair-Id=APKAIHG36VEWPDULE23Q"},"ts":1780131995311}}
{"time":"2026-05-30T09:06:35.473454Z","level":"INFO","msg":"received event","event":"meetings/processing","event_id":"01KSW257NFPT9ADTM304Y5D4XP","internal_id":"01KSW257NFPT9ADTM304Y5D4XP"}
{"time":"2026-05-30T09:06:35.473822Z","level":"INFO","msg":"initializing fn","event":"meetings/processing","event_id":"01KSW257NFPT9ADTM304Y5D4XP","internal_id":"01KSW257NFPT9ADTM304Y5D4XP","function":"meetings/processing","function_id":"6085bf8f-9410-51b1-b577-955c84d57c9e"}
{"time":"2026-05-30T09:06:35.523442Z","level":"ERROR","msg":"error handling queue item","error":"invalid status code: 500","item_kind":"start"}
{"time":"2026-05-30T09:07:04.189597Z","level":"ERROR","msg":"error handling queue item","error":"invalid status code: 500","item_kind":"start"}
{"time":"2026-05-30T09:07:41.774764Z","level":"ERROR","msg":"error handling queue item","error":"invalid status code: 500","item_kind":"start"}
{"time":"2026-05-30T09:08:53.729601Z","level":"ERROR","msg":"error handling queue item","error":"invalid status code: 500","item_kind":"start"}
